build/outputs/logs/manifest-merger-debug-report.txt
-- Merging decision tree log ---
manifest
ADDED from AudioRecord\AndroidManifest.xml:2:1-33:12
	package
		ADDED from AudioRecord\AndroidManifest.xml:3:5-38
	android:versionName
		ADDED from AudioRecord\AndroidManifest.xml:5:5-30
		INJECTED from AudioRecord\AndroidManifest.xml
		INJECTED from AudioRecord\AndroidManifest.xml
	android:versionCode
		ADDED from AudioRecord\AndroidManifest.xml:4:5-28
		INJECTED from AudioRecord\AndroidManifest.xml
		INJECTED from AudioRecord\AndroidManifest.xml
	xmlns:android
		ADDED from AudioRecord\AndroidManifest.xml:2:11-69
uses-sdk
ADDED from AudioRecord\AndroidManifest.xml:7:5-9:41
	android:targetSdkVersion
		ADDED from AudioRecord\AndroidManifest.xml:9:9-38
	android:minSdkVersion
		ADDED from AudioRecord\AndroidManifest.xml:8:9-35
uses-permission#android.permission.WRITE_EXTERNAL_STORAGE
ADDED from AudioRecord\AndroidManifest.xml:11:5-81
	android:name
		ADDED from AudioRecord\AndroidManifest.xml:11:22-78
uses-permission#android.permission.MOUNT_UNMOUNT_FILESYSTEMS
ADDED from AudioRecord\AndroidManifest.xml:12:5-83
	android:name
		ADDED from AudioRecord\AndroidManifest.xml:12:22-81
uses-permission#android.permission.READ_EXTERNAL_STORAGE
ADDED from AudioRecord\AndroidManifest.xml:13:5-80
	android:name
		ADDED from AudioRecord\AndroidManifest.xml:13:22-77
uses-permission#android.permission.RECORD_AUDIO
ADDED from AudioRecord\AndroidManifest.xml:14:5-71
	android:name
		ADDED from AudioRecord\AndroidManifest.xml:14:22-68
application
ADDED from AudioRecord\AndroidManifest.xml:16:5-31:19
	android:label
		ADDED from AudioRecord\AndroidManifest.xml:19:9-41
	android:allowBackup
		ADDED from AudioRecord\AndroidManifest.xml:17:9-35
	android:icon
		ADDED from AudioRecord\AndroidManifest.xml:18:9-38
	android:theme
		ADDED from AudioRecord\AndroidManifest.xml:20:9-40
activity#audiorecordUI.MainActivity
ADDED from AudioRecord\AndroidManifest.xml:21:9-30:20
	android:label
		ADDED from AudioRecord\AndroidManifest.xml:24:13-45
	android:theme
		ADDED from AudioRecord\AndroidManifest.xml:23:13-71
	android:name
		ADDED from AudioRecord\AndroidManifest.xml:22:13-54
intent-filter#android.intent.action.MAIN+android.intent.category.LAUNCHER
ADDED from AudioRecord\AndroidManifest.xml:25:13-29:29
action#android.intent.action.MAIN
ADDED from AudioRecord\AndroidManifest.xml:26:17-69
	android:name
		ADDED from AudioRecord\AndroidManifest.xml:26:25-66
category#android.intent.category.LAUNCHER
ADDED from AudioRecord\AndroidManifest.xml:28:17-77
	android:name
		ADDED from AudioRecord\AndroidManifest.xml:28:27-74